<?xml version="1.0" encoding="UTF-8"?>
<testng-results skipped="0" failed="0" total="1" passed="1">
  <reporter-output>
  </reporter-output>
  <suite name="Default suite" duration-ms="30225" started-at="2019-11-22T15:15:56Z" finished-at="2019-11-22T15:16:26Z">
    <groups>
    </groups>
    <test name="Default test" duration-ms="30225" started-at="2019-11-22T15:15:56Z" finished-at="2019-11-22T15:16:26Z">
      <class name="com.jbk.snap">
        <test-method status="PASS" signature="f()[pri:0, instance:com.jbk.snap@4590c9c3]" name="f" duration-ms="30195" started-at="2019-11-22T20:45:56Z" finished-at="2019-11-22T20:46:26Z">
          <reporter-output>
          </reporter-output>
        </test-method> <!-- f -->
      </class> <!-- com.jbk.snap -->
    </test> <!-- Default test -->
  </suite> <!-- Default suite -->
</testng-results>
